[2019-09-26 13:18:23.684] [exthost] [info] extension host started
[2019-09-26 13:18:23.739] [exthost] [info] ExtensionService#_doActivateExtension Kampfkarren.roblox-lua-autofills {"startup":false,"activationEvent":"onLanguage:lua"}
[2019-09-26 13:18:23.740] [exthost] [info] ExtensionService#loadCommonJSModule file:///home/beiims/.vscode-oss/extensions/kampfkarren.roblox-lua-autofills-1.6.1/out/extension
[2019-09-26 13:18:24.142] [exthost] [info] ExtensionService#_doActivateExtension sumneko.lua {"startup":false,"activationEvent":"onLanguage:lua"}
[2019-09-26 13:18:24.142] [exthost] [info] ExtensionService#loadCommonJSModule file:///home/beiims/.vscode-oss/extensions/sumneko.lua-0.12.10/client/out/extension
[2019-09-26 13:18:24.289] [exthost] [info] ExtensionService#_doActivateExtension vscode.debug-auto-launch {"startup":true,"activationEvent":"*"}
[2019-09-26 13:18:24.289] [exthost] [info] ExtensionService#loadCommonJSModule file:///usr/share/codium/resources/app/extensions/debug-auto-launch/dist/extension
[2019-09-26 13:18:24.291] [exthost] [info] ExtensionService#_doActivateExtension vscode.emmet {"startup":true,"activationEvent":"*"}
[2019-09-26 13:18:24.291] [exthost] [info] ExtensionService#loadCommonJSModule file:///usr/share/codium/resources/app/extensions/emmet/dist/extension
[2019-09-26 13:18:24.619] [exthost] [info] ExtensionService#_doActivateExtension vscode.git {"startup":true,"activationEvent":"*"}
[2019-09-26 13:18:24.619] [exthost] [info] ExtensionService#loadCommonJSModule file:///usr/share/codium/resources/app/extensions/git/dist/main
[2019-09-26 13:18:25.354] [exthost] [info] ExtensionService#_doActivateExtension vscode.merge-conflict {"startup":true,"activationEvent":"*"}
[2019-09-26 13:18:25.354] [exthost] [info] ExtensionService#loadCommonJSModule file:///usr/share/codium/resources/app/extensions/merge-conflict/dist/extension
[2019-09-26 13:18:25.362] [exthost] [info] ExtensionService#_doActivateExtension HookyQR.beautify {"startup":true,"activationEvent":"*"}
[2019-09-26 13:18:25.362] [exthost] [info] ExtensionService#loadCommonJSModule file:///home/beiims/.vscode-oss/extensions/hookyqr.beautify-1.5.0/extension
[2019-09-26 13:18:25.495] [exthost] [info] ExtensionService#_doActivateExtension TabNine.tabnine-vscode {"startup":true,"activationEvent":"*"}
[2019-09-26 13:18:25.495] [exthost] [info] ExtensionService#loadCommonJSModule file:///home/beiims/.vscode-oss/extensions/tabnine.tabnine-vscode-2.1.11/out/extension
[2019-09-26 13:18:26.675] [exthost] [info] eager extensions activated
[2019-09-26 13:18:46.419] [exthost] [info] ExtensionService#_doActivateExtension vscode.configuration-editing {"startup":false,"activationEvent":"onLanguage:jsonc"}
[2019-09-26 13:18:46.419] [exthost] [info] ExtensionService#loadCommonJSModule file:///usr/share/codium/resources/app/extensions/configuration-editing/dist/extension
[2019-09-26 13:18:46.441] [exthost] [info] ExtensionService#_doActivateExtension vscode.json-language-features {"startup":false,"activationEvent":"onLanguage:jsonc"}
[2019-09-26 13:18:46.442] [exthost] [info] ExtensionService#loadCommonJSModule file:///usr/share/codium/resources/app/extensions/json-language-features/client/dist/jsonMain
[2019-09-26 13:18:46.570] [exthost] [info] ExtensionService#_doActivateExtension vscode.typescript-language-features {"startup":false,"activationEvent":"onLanguage:jsonc"}
[2019-09-26 13:18:46.570] [exthost] [info] ExtensionService#loadCommonJSModule file:///usr/share/codium/resources/app/extensions/typescript-language-features/dist/extension
