[2019-09-26 13:13:28.791] [exthost] [info] extension host started
[2019-09-26 13:13:28.818] [exthost] [info] ExtensionService#_doActivateExtension vscode.debug-auto-launch {"startup":true,"activationEvent":"*"}
[2019-09-26 13:13:28.818] [exthost] [info] ExtensionService#loadCommonJSModule file:///usr/share/codium/resources/app/extensions/debug-auto-launch/dist/extension
[2019-09-26 13:13:28.823] [exthost] [info] ExtensionService#_doActivateExtension vscode.emmet {"startup":true,"activationEvent":"*"}
[2019-09-26 13:13:28.823] [exthost] [info] ExtensionService#loadCommonJSModule file:///usr/share/codium/resources/app/extensions/emmet/dist/extension
[2019-09-26 13:13:28.894] [exthost] [info] ExtensionService#_doActivateExtension vscode.git {"startup":true,"activationEvent":"*"}
[2019-09-26 13:13:28.895] [exthost] [info] ExtensionService#loadCommonJSModule file:///usr/share/codium/resources/app/extensions/git/dist/main
[2019-09-26 13:13:29.003] [exthost] [info] ExtensionService#_doActivateExtension vscode.merge-conflict {"startup":true,"activationEvent":"*"}
[2019-09-26 13:13:29.003] [exthost] [info] ExtensionService#loadCommonJSModule file:///usr/share/codium/resources/app/extensions/merge-conflict/dist/extension
[2019-09-26 13:13:29.009] [exthost] [info] eager extensions activated
[2019-09-26 13:14:29.329] [exthost] [info] ExtensionService#_doActivateExtension TabNine.tabnine-vscode {"startup":false,"activationEvent":"*"}
[2019-09-26 13:14:29.329] [exthost] [info] ExtensionService#loadCommonJSModule file:///home/beiims/.vscode-oss/extensions/tabnine.tabnine-vscode-2.1.11/out/extension
[2019-09-26 13:14:29.787] [exthost] [info] ExtensionService#_doActivateExtension evaera.vscode-rojo {"startup":false,"activationEvent":"workspaceContains:rojo.json"}
[2019-09-26 13:14:29.787] [exthost] [info] ExtensionService#loadCommonJSModule file:///home/beiims/.vscode-oss/extensions/evaera.vscode-rojo-1.10.1/out/extension
[2019-09-26 13:14:30.749] [exthost] [info] ExtensionService#_doActivateExtension vscode.html-language-features {"startup":false,"activationEvent":"onLanguage:html"}
[2019-09-26 13:14:30.749] [exthost] [info] ExtensionService#loadCommonJSModule file:///usr/share/codium/resources/app/extensions/html-language-features/client/dist/htmlMain
[2019-09-26 13:14:45.060] [exthost] [info] ExtensionService#_doActivateExtension Kampfkarren.roblox-lua-autofills {"startup":false,"activationEvent":"workspaceContains:*.project.json"}
[2019-09-26 13:14:45.060] [exthost] [info] ExtensionService#loadCommonJSModule file:///home/beiims/.vscode-oss/extensions/kampfkarren.roblox-lua-autofills-1.6.1/out/extension
[2019-09-26 13:15:26.755] [exthost] [info] ExtensionService#_doActivateExtension HookyQR.beautify {"startup":false,"activationEvent":"*"}
[2019-09-26 13:15:26.763] [exthost] [info] ExtensionService#loadCommonJSModule file:///home/beiims/.vscode-oss/extensions/hookyqr.beautify-1.5.0/extension
[2019-09-26 13:15:37.046] [exthost] [info] ExtensionService#_doActivateExtension ms-vscode.cpptools {"startup":false,"activationEvent":"*"}
[2019-09-26 13:15:37.046] [exthost] [info] ExtensionService#loadCommonJSModule file:///home/beiims/.vscode-oss/extensions/ms-vscode.cpptools-0.25.1/dist/main
[2019-09-26 13:15:50.737] [exthost] [info] ExtensionService#_doActivateExtension ms-vscode.csharp {"startup":false,"activationEvent":"workspaceContains:project.json"}
[2019-09-26 13:15:50.737] [exthost] [info] ExtensionService#loadCommonJSModule file:///home/beiims/.vscode-oss/extensions/ms-vscode.csharp-1.21.3/dist/extension
[2019-09-26 13:15:53.280] [exthost] [info] ExtensionService#_doActivateExtension vscode.configuration-editing {"startup":false,"activationEvent":"onLanguage:jsonc"}
[2019-09-26 13:15:53.280] [exthost] [info] ExtensionService#loadCommonJSModule file:///usr/share/codium/resources/app/extensions/configuration-editing/dist/extension
[2019-09-26 13:15:53.308] [exthost] [info] ExtensionService#_doActivateExtension vscode.json-language-features {"startup":false,"activationEvent":"onLanguage:jsonc"}
[2019-09-26 13:15:53.308] [exthost] [info] ExtensionService#loadCommonJSModule file:///usr/share/codium/resources/app/extensions/json-language-features/client/dist/jsonMain
[2019-09-26 13:15:53.451] [exthost] [info] ExtensionService#_doActivateExtension vscode.typescript-language-features {"startup":false,"activationEvent":"onLanguage:jsonc"}
[2019-09-26 13:15:53.451] [exthost] [info] ExtensionService#loadCommonJSModule file:///usr/share/codium/resources/app/extensions/typescript-language-features/dist/extension
[2019-09-26 13:17:25.669] [exthost] [info] extension host started
[2019-09-26 13:17:25.677] [exthost] [info] ExtensionService#_doActivateExtension vscode.debug-auto-launch {"startup":true,"activationEvent":"*"}
[2019-09-26 13:17:25.677] [exthost] [info] ExtensionService#loadCommonJSModule file:///usr/share/codium/resources/app/extensions/debug-auto-launch/dist/extension
[2019-09-26 13:17:25.680] [exthost] [info] ExtensionService#_doActivateExtension vscode.emmet {"startup":true,"activationEvent":"*"}
[2019-09-26 13:17:25.680] [exthost] [info] ExtensionService#loadCommonJSModule file:///usr/share/codium/resources/app/extensions/emmet/dist/extension
[2019-09-26 13:17:25.732] [exthost] [info] ExtensionService#_doActivateExtension vscode.git {"startup":true,"activationEvent":"*"}
[2019-09-26 13:17:25.732] [exthost] [info] ExtensionService#loadCommonJSModule file:///usr/share/codium/resources/app/extensions/git/dist/main
[2019-09-26 13:17:25.850] [exthost] [info] ExtensionService#_doActivateExtension vscode.merge-conflict {"startup":true,"activationEvent":"*"}
[2019-09-26 13:17:25.850] [exthost] [info] ExtensionService#loadCommonJSModule file:///usr/share/codium/resources/app/extensions/merge-conflict/dist/extension
[2019-09-26 13:17:25.855] [exthost] [info] ExtensionService#_doActivateExtension HookyQR.beautify {"startup":true,"activationEvent":"*"}
[2019-09-26 13:17:25.855] [exthost] [info] ExtensionService#loadCommonJSModule file:///home/beiims/.vscode-oss/extensions/hookyqr.beautify-1.5.0/extension
[2019-09-26 13:17:25.894] [exthost] [info] ExtensionService#_doActivateExtension TabNine.tabnine-vscode {"startup":true,"activationEvent":"*"}
[2019-09-26 13:17:25.894] [exthost] [info] ExtensionService#loadCommonJSModule file:///home/beiims/.vscode-oss/extensions/tabnine.tabnine-vscode-2.1.11/out/extension
[2019-09-26 13:17:26.152] [exthost] [info] eager extensions activated
[2019-09-26 13:17:26.962] [exthost] [info] ExtensionService#_doActivateExtension Kampfkarren.roblox-lua-autofills {"startup":false,"activationEvent":"onLanguage:lua"}
[2019-09-26 13:17:26.962] [exthost] [info] ExtensionService#loadCommonJSModule file:///home/beiims/.vscode-oss/extensions/kampfkarren.roblox-lua-autofills-1.6.1/out/extension
[2019-09-26 13:17:27.285] [exthost] [info] ExtensionService#_doActivateExtension sumneko.lua {"startup":false,"activationEvent":"onLanguage:lua"}
[2019-09-26 13:17:27.285] [exthost] [info] ExtensionService#loadCommonJSModule file:///home/beiims/.vscode-oss/extensions/sumneko.lua-0.12.10/client/out/extension
