[2019-09-26 13:13:29.958] [sharedprocess] [info] main {"machineId":"5dec19c43baaab1dbca1e1489e530cd8ef8f1c98f7f3a3f7c2002c42da81c22f"}
[2019-09-26 13:13:59.777] [sharedprocess] [info] Installing extension: amaranthinecodices.vscode-rbxlua
[2019-09-26 13:14:00.104] [sharedprocess] [info] Downloaded extension: amaranthinecodices.vscode-rbxlua /tmp/06863935-42a6-47ce-a83f-27e8d3b626bb
[2019-09-26 13:14:00.141] [sharedprocess] [info] Extracted extension to /home/beiims/.vscode-oss/extensions/.amaranthinecodices.vscode-rbxlua-0.5.0: amaranthinecodices.vscode-rbxlua
[2019-09-26 13:14:00.142] [sharedprocess] [info] Renamed to /home/beiims/.vscode-oss/extensions/amaranthinecodices.vscode-rbxlua-0.5.0
[2019-09-26 13:14:00.143] [sharedprocess] [info] Installation completed. amaranthinecodices.vscode-rbxlua
[2019-09-26 13:14:00.149] [sharedprocess] [info] Extensions installed successfully: amaranthinecodices.vscode-rbxlua
[2019-09-26 13:14:09.951] [sharedprocess] [info] Starting to clean up unused language packs.
[2019-09-26 13:14:15.943] [sharedprocess] [info] Installing extension: tabnine.tabnine-vscode
[2019-09-26 13:14:22.689] [sharedprocess] [info] Installing extension: evaera.vscode-rojo
[2019-09-26 13:14:25.999] [sharedprocess] [info] Downloaded extension: tabnine.tabnine-vscode /tmp/9ba28938-87d9-4748-b5df-80fda304eae0
[2019-09-26 13:14:26.000] [sharedprocess] [info] Downloaded extension: evaera.vscode-rojo /tmp/de0b333b-7ec3-4223-a614-758f8fb50173
[2019-09-26 13:14:27.834] [sharedprocess] [info] Installing extension: sumneko.lua
[2019-09-26 13:14:29.137] [sharedprocess] [info] Downloaded extension: sumneko.lua /tmp/994ee4dd-29c7-4678-9e2c-2a387ffef599
[2019-09-26 13:14:29.246] [sharedprocess] [info] Extracted extension to /home/beiims/.vscode-oss/extensions/.tabnine.tabnine-vscode-2.1.11: tabnine.tabnine-vscode
[2019-09-26 13:14:29.246] [sharedprocess] [info] Renamed to /home/beiims/.vscode-oss/extensions/tabnine.tabnine-vscode-2.1.11
[2019-09-26 13:14:29.249] [sharedprocess] [info] Installation completed. tabnine.tabnine-vscode
[2019-09-26 13:14:29.268] [sharedprocess] [info] Extensions installed successfully: tabnine.tabnine-vscode
[2019-09-26 13:14:29.662] [sharedprocess] [info] Extracted extension to /home/beiims/.vscode-oss/extensions/.evaera.vscode-rojo-1.10.1: evaera.vscode-rojo
[2019-09-26 13:14:29.662] [sharedprocess] [info] Renamed to /home/beiims/.vscode-oss/extensions/evaera.vscode-rojo-1.10.1
[2019-09-26 13:14:29.663] [sharedprocess] [info] Installation completed. evaera.vscode-rojo
[2019-09-26 13:14:29.674] [sharedprocess] [info] Extensions installed successfully: evaera.vscode-rojo
[2019-09-26 13:14:32.595] [sharedprocess] [info] Extracted extension to /home/beiims/.vscode-oss/extensions/.sumneko.lua-0.12.10: sumneko.lua
[2019-09-26 13:14:32.596] [sharedprocess] [info] Renamed to /home/beiims/.vscode-oss/extensions/sumneko.lua-0.12.10
[2019-09-26 13:14:32.597] [sharedprocess] [info] Installation completed. sumneko.lua
[2019-09-26 13:14:32.604] [sharedprocess] [info] Extensions installed successfully: sumneko.lua
[2019-09-26 13:14:41.455] [sharedprocess] [info] Installing extension: kampfkarren.roblox-lua-autofills
[2019-09-26 13:14:42.508] [sharedprocess] [info] Downloaded extension: kampfkarren.roblox-lua-autofills /tmp/85c839d8-252d-474a-b698-94c5f060e40b
[2019-09-26 13:14:45.001] [sharedprocess] [info] Extracted extension to /home/beiims/.vscode-oss/extensions/.kampfkarren.roblox-lua-autofills-1.6.1: kampfkarren.roblox-lua-autofills
[2019-09-26 13:14:45.001] [sharedprocess] [info] Renamed to /home/beiims/.vscode-oss/extensions/kampfkarren.roblox-lua-autofills-1.6.1
[2019-09-26 13:14:45.002] [sharedprocess] [info] Installation completed. kampfkarren.roblox-lua-autofills
[2019-09-26 13:14:45.011] [sharedprocess] [info] Extensions installed successfully: kampfkarren.roblox-lua-autofills
[2019-09-26 13:14:50.920] [sharedprocess] [info] Installing extension: cocopon.iceberg-theme
[2019-09-26 13:14:51.120] [sharedprocess] [info] Downloaded extension: cocopon.iceberg-theme /tmp/4002363f-08e0-4a89-9f41-6c70f583150b
[2019-09-26 13:14:51.159] [sharedprocess] [info] Extracted extension to /home/beiims/.vscode-oss/extensions/.cocopon.iceberg-theme-1.0.0: cocopon.iceberg-theme
[2019-09-26 13:14:51.159] [sharedprocess] [info] Renamed to /home/beiims/.vscode-oss/extensions/cocopon.iceberg-theme-1.0.0
[2019-09-26 13:14:51.160] [sharedprocess] [info] Installation completed. cocopon.iceberg-theme
[2019-09-26 13:14:51.163] [sharedprocess] [info] Extensions installed successfully: cocopon.iceberg-theme
[2019-09-26 13:15:25.621] [sharedprocess] [info] Installing extension: hookyqr.beautify
[2019-09-26 13:15:25.978] [sharedprocess] [info] Downloaded extension: hookyqr.beautify /tmp/eb7bc0f8-d3e5-408d-b01a-6da5290aef17
[2019-09-26 13:15:26.663] [sharedprocess] [info] Extracted extension to /home/beiims/.vscode-oss/extensions/.hookyqr.beautify-1.5.0: hookyqr.beautify
[2019-09-26 13:15:26.663] [sharedprocess] [info] Renamed to /home/beiims/.vscode-oss/extensions/hookyqr.beautify-1.5.0
[2019-09-26 13:15:26.666] [sharedprocess] [info] Installation completed. hookyqr.beautify
[2019-09-26 13:15:26.673] [sharedprocess] [info] Extensions installed successfully: hookyqr.beautify
[2019-09-26 13:15:34.629] [sharedprocess] [info] Installing extension: ms-vscode.cpptools
[2019-09-26 13:15:35.358] [sharedprocess] [info] Downloaded extension: ms-vscode.cpptools /tmp/c2fc21a4-e118-4d04-89aa-bcd04509b43e
[2019-09-26 13:15:36.883] [sharedprocess] [info] Extracted extension to /home/beiims/.vscode-oss/extensions/.ms-vscode.cpptools-0.25.1: ms-vscode.cpptools
[2019-09-26 13:15:36.883] [sharedprocess] [info] Renamed to /home/beiims/.vscode-oss/extensions/ms-vscode.cpptools-0.25.1
[2019-09-26 13:15:36.886] [sharedprocess] [info] Installation completed. ms-vscode.cpptools
[2019-09-26 13:15:36.899] [sharedprocess] [info] Extensions installed successfully: ms-vscode.cpptools
[2019-09-26 13:15:41.741] [sharedprocess] [info] Installing extension: danielpinto8zz6.c-cpp-compile-run
[2019-09-26 13:15:42.721] [sharedprocess] [info] Downloaded extension: danielpinto8zz6.c-cpp-compile-run /tmp/624099d4-e258-4e77-9a9c-52344583252e
[2019-09-26 13:15:43.328] [sharedprocess] [info] Extracted extension to /home/beiims/.vscode-oss/extensions/.danielpinto8zz6.c-cpp-compile-run-0.5.0: danielpinto8zz6.c-cpp-compile-run
[2019-09-26 13:15:43.328] [sharedprocess] [info] Renamed to /home/beiims/.vscode-oss/extensions/danielpinto8zz6.c-cpp-compile-run-0.5.0
[2019-09-26 13:15:43.329] [sharedprocess] [info] Installation completed. danielpinto8zz6.c-cpp-compile-run
[2019-09-26 13:15:43.361] [sharedprocess] [info] Extensions installed successfully: danielpinto8zz6.c-cpp-compile-run
[2019-09-26 13:15:50.132] [sharedprocess] [info] Installing extension: ms-vscode.csharp
[2019-09-26 13:15:50.335] [sharedprocess] [info] Downloaded extension: ms-vscode.csharp /tmp/6e2c25d9-dc84-419e-a028-9a2af49c741f
[2019-09-26 13:15:50.411] [sharedprocess] [info] Extracted extension to /home/beiims/.vscode-oss/extensions/.ms-vscode.csharp-1.21.3: ms-vscode.csharp
[2019-09-26 13:15:50.411] [sharedprocess] [info] Renamed to /home/beiims/.vscode-oss/extensions/ms-vscode.csharp-1.21.3
[2019-09-26 13:15:50.418] [sharedprocess] [info] Installation completed. ms-vscode.csharp
[2019-09-26 13:15:50.440] [sharedprocess] [info] Extensions installed successfully: ms-vscode.csharp
